<?xml version="1.0" encoding="UTF-8"?>
<!-- Generated by org.testng.reporters.JUnitXMLReporter -->
<testsuite ignored="0" hostname="FLLAP0470s-MacBook-Air.local" failures="0" tests="7" name="Default test" time="131.116" errors="0" timestamp="2024-04-23T10:53:21 IST">
  <testcase classname="Flexiloans.PositiveFlow" name="landingPage" time="6.789"/>
  <testcase classname="Flexiloans.PositiveFlow" name="form2" time="21.727"/>
  <testcase classname="Flexiloans.PositiveFlow" name="Dashboard" time="13.701"/>
  <testcase classname="Flexiloans.PositiveFlow" name="LoanAmountScreen" time="4.706"/>
  <testcase classname="Flexiloans.PositiveFlow" name="FormStep_1" time="24.23"/>
  <testcase classname="Flexiloans.PositiveFlow" name="FormStep_2" time="12.107"/>
  <testcase classname="Flexiloans.PositiveFlow" name="FormStep_3" time="26.451"/>
</testsuite> <!-- Default test -->
