<?xml version="1.0" encoding="UTF-8"?>
<testng-results ignored="0" total="7" passed="7" failed="0" skipped="0">
  <reporter-output>
  </reporter-output>
  <suite started-at="2024-04-24T16:16:38 IST" name="Default suite" finished-at="2024-04-24T16:18:43 IST" duration-ms="125046">
    <groups>
    </groups>
    <test started-at="2024-04-24T16:16:38 IST" name="Default test" finished-at="2024-04-24T16:18:43 IST" duration-ms="125046">
      <class name="Flexiloans.PositiveFlow">
        <test-method is-config="true" signature="setup()[pri:0, instance:Flexiloans.PositiveFlow@553f3b6e]" started-at="2024-04-24T16:16:38 IST" name="setup" finished-at="2024-04-24T16:16:55 IST" duration-ms="16662" status="PASS">
          <reporter-output>
          </reporter-output>
        </test-method> <!-- setup -->
        <test-method is-config="true" signature="checkingToken(java.lang.reflect.Method)[pri:0, instance:Flexiloans.PositiveFlow@553f3b6e]" started-at="2024-04-24T16:16:55 IST" name="checkingToken" finished-at="2024-04-24T16:16:55 IST" duration-ms="3" status="PASS">
          <params>
            <param index="0">
              <value>
                <![CDATA[public void Flexiloans.PositiveFlow.landingPage()]]>
              </value>
            </param>
          </params>
          <reporter-output>
          </reporter-output>
        </test-method> <!-- checkingToken -->
        <test-method signature="landingPage()[pri:0, instance:Flexiloans.PositiveFlow@553f3b6e]" started-at="2024-04-24T16:16:55 IST" name="landingPage" finished-at="2024-04-24T16:17:02 IST" duration-ms="7343" status="PASS">
          <reporter-output>
          </reporter-output>
        </test-method> <!-- landingPage -->
        <test-method is-config="true" signature="checkingToken(java.lang.reflect.Method)[pri:0, instance:Flexiloans.PositiveFlow@553f3b6e]" started-at="2024-04-24T16:17:03 IST" name="checkingToken" finished-at="2024-04-24T16:17:03 IST" duration-ms="0" status="PASS">
          <params>
            <param index="0">
              <value>
                <![CDATA[public void Flexiloans.PositiveFlow.form2()]]>
              </value>
            </param>
          </params>
          <reporter-output>
          </reporter-output>
        </test-method> <!-- checkingToken -->
        <test-method signature="form2()[pri:1, instance:Flexiloans.PositiveFlow@553f3b6e]" started-at="2024-04-24T16:17:03 IST" name="form2" finished-at="2024-04-24T16:17:25 IST" duration-ms="22525" status="PASS">
          <reporter-output>
          </reporter-output>
        </test-method> <!-- form2 -->
        <test-method is-config="true" signature="checkingToken(java.lang.reflect.Method)[pri:0, instance:Flexiloans.PositiveFlow@553f3b6e]" started-at="2024-04-24T16:17:25 IST" name="checkingToken" finished-at="2024-04-24T16:17:25 IST" duration-ms="0" status="PASS">
          <params>
            <param index="0">
              <value>
                <![CDATA[public void Flexiloans.PositiveFlow.Dashboard() throws java.lang.InterruptedException]]>
              </value>
            </param>
          </params>
          <reporter-output>
          </reporter-output>
        </test-method> <!-- checkingToken -->
        <test-method signature="Dashboard()[pri:2, instance:Flexiloans.PositiveFlow@553f3b6e]" started-at="2024-04-24T16:17:25 IST" name="Dashboard" finished-at="2024-04-24T16:17:39 IST" duration-ms="13925" status="PASS">
          <reporter-output>
          </reporter-output>
        </test-method> <!-- Dashboard -->
        <test-method is-config="true" signature="checkingToken(java.lang.reflect.Method)[pri:0, instance:Flexiloans.PositiveFlow@553f3b6e]" started-at="2024-04-24T16:17:39 IST" name="checkingToken" finished-at="2024-04-24T16:17:39 IST" duration-ms="1" status="PASS">
          <params>
            <param index="0">
              <value>
                <![CDATA[public void Flexiloans.PositiveFlow.LoanAmountScreen()]]>
              </value>
            </param>
          </params>
          <reporter-output>
          </reporter-output>
        </test-method> <!-- checkingToken -->
        <test-method signature="LoanAmountScreen()[pri:3, instance:Flexiloans.PositiveFlow@553f3b6e]" started-at="2024-04-24T16:17:39 IST" name="LoanAmountScreen" finished-at="2024-04-24T16:17:44 IST" duration-ms="4278" status="PASS">
          <reporter-output>
          </reporter-output>
        </test-method> <!-- LoanAmountScreen -->
        <test-method is-config="true" signature="checkingToken(java.lang.reflect.Method)[pri:0, instance:Flexiloans.PositiveFlow@553f3b6e]" started-at="2024-04-24T16:17:44 IST" name="checkingToken" finished-at="2024-04-24T16:17:44 IST" duration-ms="1" status="PASS">
          <params>
            <param index="0">
              <value>
                <![CDATA[public void Flexiloans.PositiveFlow.FormStep_1() throws java.lang.InterruptedException]]>
              </value>
            </param>
          </params>
          <reporter-output>
          </reporter-output>
        </test-method> <!-- checkingToken -->
        <test-method signature="FormStep_1()[pri:4, instance:Flexiloans.PositiveFlow@553f3b6e]" started-at="2024-04-24T16:17:44 IST" name="FormStep_1" finished-at="2024-04-24T16:18:04 IST" duration-ms="19980" status="PASS">
          <reporter-output>
          </reporter-output>
        </test-method> <!-- FormStep_1 -->
        <test-method is-config="true" signature="checkingToken(java.lang.reflect.Method)[pri:0, instance:Flexiloans.PositiveFlow@553f3b6e]" started-at="2024-04-24T16:18:04 IST" name="checkingToken" finished-at="2024-04-24T16:18:04 IST" duration-ms="2" status="PASS">
          <params>
            <param index="0">
              <value>
                <![CDATA[public void Flexiloans.PositiveFlow.FormStep_2()]]>
              </value>
            </param>
          </params>
          <reporter-output>
          </reporter-output>
        </test-method> <!-- checkingToken -->
        <test-method signature="FormStep_2()[pri:5, instance:Flexiloans.PositiveFlow@553f3b6e]" started-at="2024-04-24T16:18:04 IST" name="FormStep_2" finished-at="2024-04-24T16:18:17 IST" duration-ms="13403" status="PASS">
          <reporter-output>
          </reporter-output>
        </test-method> <!-- FormStep_2 -->
        <test-method is-config="true" signature="checkingToken(java.lang.reflect.Method)[pri:0, instance:Flexiloans.PositiveFlow@553f3b6e]" started-at="2024-04-24T16:18:17 IST" name="checkingToken" finished-at="2024-04-24T16:18:17 IST" duration-ms="1" status="PASS">
          <params>
            <param index="0">
              <value>
                <![CDATA[public void Flexiloans.PositiveFlow.FormStep_3() throws java.lang.InterruptedException]]>
              </value>
            </param>
          </params>
          <reporter-output>
          </reporter-output>
        </test-method> <!-- checkingToken -->
        <test-method signature="FormStep_3()[pri:6, instance:Flexiloans.PositiveFlow@553f3b6e]" started-at="2024-04-24T16:18:17 IST" name="FormStep_3" finished-at="2024-04-24T16:18:43 IST" duration-ms="25499" status="PASS">
          <reporter-output>
          </reporter-output>
        </test-method> <!-- FormStep_3 -->
      </class> <!-- Flexiloans.PositiveFlow -->
    </test> <!-- Default test -->
  </suite> <!-- Default suite -->
</testng-results>
