<?xml version="1.0" encoding="UTF-8"?>
<testng-results ignored="0" total="7" passed="7" failed="0" skipped="0">
  <reporter-output>
  </reporter-output>
  <suite started-at="2024-04-23T10:51:04 IST" name="Default suite" finished-at="2024-04-23T10:53:16 IST" duration-ms="131116">
    <groups>
    </groups>
    <test started-at="2024-04-23T10:51:04 IST" name="Default test" finished-at="2024-04-23T10:53:16 IST" duration-ms="131116">
      <class name="Flexiloans.PositiveFlow">
        <test-method is-config="true" signature="setup()[pri:0, instance:Flexiloans.PositiveFlow@c1a4620]" started-at="2024-04-23T10:51:05 IST" name="setup" finished-at="2024-04-23T10:51:25 IST" duration-ms="20206" status="PASS">
          <reporter-output>
          </reporter-output>
        </test-method> <!-- setup -->
        <test-method is-config="true" signature="checkingToken(java.lang.reflect.Method)[pri:0, instance:Flexiloans.PositiveFlow@c1a4620]" started-at="2024-04-23T10:51:25 IST" name="checkingToken" finished-at="2024-04-23T10:51:25 IST" duration-ms="2" status="PASS">
          <params>
            <param index="0">
              <value>
                <![CDATA[public void Flexiloans.PositiveFlow.landingPage()]]>
              </value>
            </param>
          </params>
          <reporter-output>
          </reporter-output>
        </test-method> <!-- checkingToken -->
        <test-method signature="landingPage()[pri:0, instance:Flexiloans.PositiveFlow@c1a4620]" started-at="2024-04-23T10:51:25 IST" name="landingPage" finished-at="2024-04-23T10:51:32 IST" duration-ms="6789" status="PASS">
          <reporter-output>
          </reporter-output>
        </test-method> <!-- landingPage -->
        <test-method is-config="true" signature="checkingToken(java.lang.reflect.Method)[pri:0, instance:Flexiloans.PositiveFlow@c1a4620]" started-at="2024-04-23T10:51:32 IST" name="checkingToken" finished-at="2024-04-23T10:51:32 IST" duration-ms="0" status="PASS">
          <params>
            <param index="0">
              <value>
                <![CDATA[public void Flexiloans.PositiveFlow.form2()]]>
              </value>
            </param>
          </params>
          <reporter-output>
          </reporter-output>
        </test-method> <!-- checkingToken -->
        <test-method signature="form2()[pri:1, instance:Flexiloans.PositiveFlow@c1a4620]" started-at="2024-04-23T10:51:32 IST" name="form2" finished-at="2024-04-23T10:51:54 IST" duration-ms="21727" status="PASS">
          <reporter-output>
          </reporter-output>
        </test-method> <!-- form2 -->
        <test-method is-config="true" signature="checkingToken(java.lang.reflect.Method)[pri:0, instance:Flexiloans.PositiveFlow@c1a4620]" started-at="2024-04-23T10:51:54 IST" name="checkingToken" finished-at="2024-04-23T10:51:54 IST" duration-ms="1" status="PASS">
          <params>
            <param index="0">
              <value>
                <![CDATA[public void Flexiloans.PositiveFlow.Dashboard() throws java.lang.InterruptedException]]>
              </value>
            </param>
          </params>
          <reporter-output>
          </reporter-output>
        </test-method> <!-- checkingToken -->
        <test-method signature="Dashboard()[pri:2, instance:Flexiloans.PositiveFlow@c1a4620]" started-at="2024-04-23T10:51:54 IST" name="Dashboard" finished-at="2024-04-23T10:52:08 IST" duration-ms="13701" status="PASS">
          <reporter-output>
          </reporter-output>
        </test-method> <!-- Dashboard -->
        <test-method signature="LoanAmountScreen()[pri:3, instance:Flexiloans.PositiveFlow@c1a4620]" started-at="2024-04-23T10:52:08 IST" name="LoanAmountScreen" finished-at="2024-04-23T10:52:12 IST" duration-ms="4706" status="PASS">
          <reporter-output>
          </reporter-output>
        </test-method> <!-- LoanAmountScreen -->
        <test-method is-config="true" signature="checkingToken(java.lang.reflect.Method)[pri:0, instance:Flexiloans.PositiveFlow@c1a4620]" started-at="2024-04-23T10:52:08 IST" name="checkingToken" finished-at="2024-04-23T10:52:08 IST" duration-ms="0" status="PASS">
          <params>
            <param index="0">
              <value>
                <![CDATA[public void Flexiloans.PositiveFlow.LoanAmountScreen()]]>
              </value>
            </param>
          </params>
          <reporter-output>
          </reporter-output>
        </test-method> <!-- checkingToken -->
        <test-method signature="FormStep_1()[pri:4, instance:Flexiloans.PositiveFlow@c1a4620]" started-at="2024-04-23T10:52:13 IST" name="FormStep_1" finished-at="2024-04-23T10:52:37 IST" duration-ms="24230" status="PASS">
          <reporter-output>
          </reporter-output>
        </test-method> <!-- FormStep_1 -->
        <test-method is-config="true" signature="checkingToken(java.lang.reflect.Method)[pri:0, instance:Flexiloans.PositiveFlow@c1a4620]" started-at="2024-04-23T10:52:13 IST" name="checkingToken" finished-at="2024-04-23T10:52:13 IST" duration-ms="0" status="PASS">
          <params>
            <param index="0">
              <value>
                <![CDATA[public void Flexiloans.PositiveFlow.FormStep_1() throws java.lang.InterruptedException]]>
              </value>
            </param>
          </params>
          <reporter-output>
          </reporter-output>
        </test-method> <!-- checkingToken -->
        <test-method is-config="true" signature="checkingToken(java.lang.reflect.Method)[pri:0, instance:Flexiloans.PositiveFlow@c1a4620]" started-at="2024-04-23T10:52:37 IST" name="checkingToken" finished-at="2024-04-23T10:52:37 IST" duration-ms="1" status="PASS">
          <params>
            <param index="0">
              <value>
                <![CDATA[public void Flexiloans.PositiveFlow.FormStep_2()]]>
              </value>
            </param>
          </params>
          <reporter-output>
          </reporter-output>
        </test-method> <!-- checkingToken -->
        <test-method signature="FormStep_2()[pri:5, instance:Flexiloans.PositiveFlow@c1a4620]" started-at="2024-04-23T10:52:37 IST" name="FormStep_2" finished-at="2024-04-23T10:52:49 IST" duration-ms="12107" status="PASS">
          <reporter-output>
          </reporter-output>
        </test-method> <!-- FormStep_2 -->
        <test-method is-config="true" signature="checkingToken(java.lang.reflect.Method)[pri:0, instance:Flexiloans.PositiveFlow@c1a4620]" started-at="2024-04-23T10:52:49 IST" name="checkingToken" finished-at="2024-04-23T10:52:49 IST" duration-ms="1" status="PASS">
          <params>
            <param index="0">
              <value>
                <![CDATA[public void Flexiloans.PositiveFlow.FormStep_3()]]>
              </value>
            </param>
          </params>
          <reporter-output>
          </reporter-output>
        </test-method> <!-- checkingToken -->
        <test-method signature="FormStep_3()[pri:6, instance:Flexiloans.PositiveFlow@c1a4620]" started-at="2024-04-23T10:52:49 IST" name="FormStep_3" finished-at="2024-04-23T10:53:15 IST" duration-ms="26451" status="PASS">
          <reporter-output>
          </reporter-output>
        </test-method> <!-- FormStep_3 -->
      </class> <!-- Flexiloans.PositiveFlow -->
    </test> <!-- Default test -->
  </suite> <!-- Default suite -->
</testng-results>
